2025-05-31 01:18:05 - podcast_transcriber - ERROR - Testing ERROR level logging
2025-05-31 01:18:05 - podcast_transcriber - ERROR - ValueError: Simulated error for testing | Context: episode=test_episode.mp3, api_key=key_1, retry_count=2
Traceback (most recent call last):
  File "/home/sergeblumenfeld/podcastknowledge/transcriber/test_logging.py", line 34, in test_logging
    raise ValueError("Simulated error for testing")
ValueError: Simulated error for testing
2025-05-31 12:12:39 - podcast_transcriber.progress_tracker - ERROR - Failed to load progress file: Expecting value: line 1 column 1 (char 0)
2025-05-31 18:25:27 - podcast_transcriber.config - ERROR - Configuration validation failed:\n  - No API keys found in environment variables: ['GEMINI_API_KEY_1', 'GEMINI_API_KEY_2']
2025-05-31 18:25:27 - podcast_transcriber.config - ERROR - Configuration validation failed:\n  - No API keys found in environment variables: ['GEMINI_API_KEY_1', 'GEMINI_API_KEY_2']
2025-05-31 18:25:27 - podcast_transcriber.config - ERROR - Configuration validation failed:\n  - No API keys found in environment variables: ['GEMINI_API_KEY_1', 'GEMINI_API_KEY_2']
2025-05-31 18:25:27 - podcast_transcriber.config - ERROR - Failed to load configuration: mapping values are not allowed here
  in "/tmp/tmp41k2mym6/invalid_config.yaml", line 1, column 14
2025-05-31 18:25:27 - podcast_transcriber.config - ERROR - Configuration validation failed:\n  - No API keys found in environment variables: ['GEMINI_API_KEY_1', 'GEMINI_API_KEY_2']
2025-05-31 18:25:27 - podcast_transcriber.config - ERROR - Configuration validation failed:\n  - No API keys found in environment variables: ['GEMINI_API_KEY_1', 'GEMINI_API_KEY_2']
2025-05-31 18:25:27 - podcast_transcriber.config - ERROR - Configuration validation failed:\n  - No API keys found in environment variables: ['GEMINI_API_KEY_1', 'GEMINI_API_KEY_2']
2025-05-31 18:25:28 - podcast_transcriber.config - ERROR - Configuration validation failed:\n  - No API keys found in environment variables: ['GEMINI_API_KEY_1', 'GEMINI_API_KEY_2']
2025-05-31 18:25:28 - podcast_transcriber.config - ERROR - Configuration validation failed:\n  - No API keys found in environment variables: ['GEMINI_API_KEY_1', 'GEMINI_API_KEY_2']
2025-05-31 18:25:28 - podcast_transcriber.config - ERROR - Configuration validation failed:\n  - No API keys found in environment variables: ['GEMINI_API_KEY_1', 'GEMINI_API_KEY_2']
2025-05-31 18:25:28 - podcast_transcriber.config - ERROR - Configuration validation failed:\n  - No API keys found in environment variables: ['GEMINI_API_KEY_1', 'GEMINI_API_KEY_2']
2025-05-31 18:25:28 - podcast_transcriber.config - ERROR - Configuration validation failed:\n  - No API keys found in environment variables: ['GEMINI_API_KEY_1', 'GEMINI_API_KEY_2']
2025-05-31 18:25:28 - podcast_transcriber.config - ERROR - Configuration validation failed:\n  - No API keys found in environment variables: ['GEMINI_API_KEY_1', 'GEMINI_API_KEY_2']
2025-05-31 18:25:28 - podcast_transcriber.feed_parser - ERROR - Feed parsing error: XML parsing error
2025-05-31 18:25:28 - podcast_transcriber.feed_parser - ERROR - Failed to parse feed https://example.com/feed.xml: Network error
2025-05-31 18:25:28 - podcast_transcriber.file_organizer - ERROR - Failed to write episode file /tmp/tmpeh6ikud8/Test/2024-01-15_Test.vtt: Write error
2025-05-31 18:25:28 - podcast_transcriber.gemini_client - ERROR - No API keys available due to rate limits
2025-05-31 18:25:28 - podcast_transcriber.gemini_client - ERROR - No API keys available due to rate limits
2025-05-31 18:25:28 - podcast_transcriber.gemini_client - ERROR - Transcription failed: Quota exceeded
2025-05-31 18:25:28 - podcast_transcriber.gemini_client - ERROR - Speaker identification failed: API error with quota
2025-05-31 18:25:28 - podcast_transcriber.feed_parser - ERROR - Failed to parse feed https://example.com/feed.xml: 'dict' object has no attribute 'bozo'
2025-05-31 18:25:28 - podcast_transcriber.key_rotation_manager - ERROR - No API keys found in environment
